[2016-02-25T11:14:47.540+0700] [glassfish 4.1] [INFO] [NCLS-LOGGING-00009] [javax.enterprise.logging] [tid: _ThreadID=18 _ThreadName=RunLevelControllerThread-1456373687260] [timeMillis: 1456373687540] [levelValue: 800] [[
  Running GlassFish Version: GlassFish Server Open Source Edition  4.1.1  (build 1)]]

[2016-02-25T11:14:47.540+0700] [glassfish 4.1] [INFO] [NCLS-LOGGING-00010] [javax.enterprise.logging] [tid: _ThreadID=18 _ThreadName=RunLevelControllerThread-1456373687260] [timeMillis: 1456373687540] [levelValue: 800] [[
  Server log file is using Formatter class: com.sun.enterprise.server.logging.ODLLogFormatter]]

[2016-02-25T11:14:47.739+0700] [glassfish 4.1] [INFO] [NCLS-SECURITY-01115] [javax.enterprise.system.core.security] [tid: _ThreadID=17 _ThreadName=RunLevelControllerThread-1456373687260] [timeMillis: 1456373687739] [levelValue: 800] [[
  Realm [admin-realm] of classtype [com.sun.enterprise.security.auth.realm.file.FileRealm] successfully created.]]

[2016-02-25T11:14:47.752+0700] [glassfish 4.1] [INFO] [NCLS-SECURITY-01115] [javax.enterprise.system.core.security] [tid: _ThreadID=17 _ThreadName=RunLevelControllerThread-1456373687260] [timeMillis: 1456373687752] [levelValue: 800] [[
  Realm [file] of classtype [com.sun.enterprise.security.auth.realm.file.FileRealm] successfully created.]]

[2016-02-25T11:14:47.804+0700] [glassfish 4.1] [INFO] [NCLS-SECURITY-01115] [javax.enterprise.system.core.security] [tid: _ThreadID=17 _ThreadName=RunLevelControllerThread-1456373687260] [timeMillis: 1456373687804] [levelValue: 800] [[
  Realm [certificate] of classtype [com.sun.enterprise.security.auth.realm.certificate.CertificateRealm] successfully created.]]

[2016-02-25T11:14:48.128+0700] [glassfish 4.1] [INFO] [] [org.hibernate.validator.internal.util.Version] [tid: _ThreadID=25 _ThreadName=RunLevelControllerThread-1456373687901] [timeMillis: 1456373688128] [levelValue: 800] [[
  HV000001: Hibernate Validator 5.1.2.Final]]

[2016-02-25T11:14:48.208+0700] [glassfish 4.1] [INFO] [SEC-SVCS-00100] [javax.enterprise.security.services] [tid: _ThreadID=19 _ThreadName=RunLevelControllerThread-1456373687276] [timeMillis: 1456373688208] [levelValue: 800] [[
  Authorization Service has successfully initialized.]]

[2016-02-25T11:14:48.669+0700] [glassfish 4.1] [INFO] [] [org.glassfish.ha.store.spi.BackingStoreFactoryRegistry] [tid: _ThreadID=20 _ThreadName=RunLevelControllerThread-1456373687276] [timeMillis: 1456373688669] [levelValue: 800] [[
  Registered org.glassfish.ha.store.adapter.cache.ShoalBackingStoreProxy for persistence-type = replicated in BackingStoreFactoryRegistry]]

[2016-02-25T11:14:48.917+0700] [glassfish 4.1] [WARNING] [] [org.glassfish.grizzly.config.Utils] [tid: _ThreadID=18 _ThreadName=RunLevelControllerThread-1456373687260] [timeMillis: 1456373688917] [levelValue: 900] [[
  Instance could not be initialized. Class=interface org.glassfish.grizzly.http.server.AddOn, name=http-listener-1, realClassName=org.glassfish.grizzly.http2.Http2AddOn]]

[2016-02-25T11:14:49.376+0700] [glassfish 4.1] [INFO] [NCLS-CORE-00087] [javax.enterprise.system.core] [tid: _ThreadID=18 _ThreadName=RunLevelControllerThread-1456373687260] [timeMillis: 1456373689376] [levelValue: 800] [[
  Grizzly Framework 2.3.23 started in: 385ms - bound to [/0.0.0.0:8080]]]

[2016-02-25T11:14:49.453+0700] [glassfish 4.1] [WARNING] [] [org.glassfish.grizzly.config.Utils] [tid: _ThreadID=18 _ThreadName=RunLevelControllerThread-1456373687260] [timeMillis: 1456373689453] [levelValue: 900] [[
  Instance could not be initialized. Class=interface org.glassfish.grizzly.http.server.AddOn, name=http-listener-2, realClassName=org.glassfish.grizzly.http2.Http2AddOn]]

[2016-02-25T11:14:49.498+0700] [glassfish 4.1] [INFO] [NCLS-CORE-00087] [javax.enterprise.system.core] [tid: _ThreadID=18 _ThreadName=RunLevelControllerThread-1456373687260] [timeMillis: 1456373689498] [levelValue: 800] [[
  Grizzly Framework 2.3.23 started in: 16ms - bound to [/0.0.0.0:8181]]]

[2016-02-25T11:14:49.525+0700] [glassfish 4.1] [WARNING] [] [org.glassfish.grizzly.config.Utils] [tid: _ThreadID=18 _ThreadName=RunLevelControllerThread-1456373687260] [timeMillis: 1456373689525] [levelValue: 900] [[
  Instance could not be initialized. Class=interface org.glassfish.grizzly.http.server.AddOn, name=admin-listener, realClassName=org.glassfish.grizzly.http2.Http2AddOn]]

[2016-02-25T11:14:49.551+0700] [glassfish 4.1] [INFO] [NCLS-CORE-00087] [javax.enterprise.system.core] [tid: _ThreadID=18 _ThreadName=RunLevelControllerThread-1456373687260] [timeMillis: 1456373689551] [levelValue: 800] [[
  Grizzly Framework 2.3.23 started in: 0ms - bound to [/0.0.0.0:4848]]]

[2016-02-25T11:14:49.630+0700] [glassfish 4.1] [INFO] [NCLS-CORE-00087] [javax.enterprise.system.core] [tid: _ThreadID=20 _ThreadName=RunLevelControllerThread-1456373687276] [timeMillis: 1456373689630] [levelValue: 800] [[
  Grizzly Framework 2.3.23 started in: 0ms - bound to [/0.0.0.0:3700]]]

[2016-02-25T11:14:49.638+0700] [glassfish 4.1] [INFO] [NCLS-CORE-00017] [javax.enterprise.system.core] [tid: _ThreadID=1 _ThreadName=main] [timeMillis: 1456373689638] [levelValue: 800] [[
  GlassFish Server Open Source Edition  4.1.1  (1) startup time : Felix (18,293ms), startup services(2,378ms), total(20,671ms)]]

[2016-02-25T11:14:49.956+0700] [glassfish 4.1] [INFO] [jts.startup_msg] [javax.enterprise.system.core.transaction.com.sun.jts.CosTransactions] [tid: _ThreadID=25 _ThreadName=RunLevelControllerThread-1456373687901] [timeMillis: 1456373689956] [levelValue: 800] [[
  JTS5014: Recoverable JTS instance, serverId = [100]]]

[2016-02-25T11:14:50.413+0700] [glassfish 4.1] [INFO] [NCLS-JMX-00005] [javax.enterprise.system.jmx] [tid: _ThreadID=62 _ThreadName=Thread-13] [timeMillis: 1456373690413] [levelValue: 800] [[
  JMXStartupService has started JMXConnector on JMXService URL service:jmx:rmi://10.22.38.32:8686/jndi/rmi://10.22.38.32:8686/jmxrmi]]

[2016-02-25T11:14:50.647+0700] [glassfish 4.1] [INFO] [NCLS-CORE-00087] [javax.enterprise.system.core] [tid: _ThreadID=19 _ThreadName=RunLevelControllerThread-1456373687276] [timeMillis: 1456373690647] [levelValue: 800] [[
  Grizzly Framework 2.3.23 started in: 3ms - bound to [/0.0.0.0:7676]]]

[2016-02-25T11:14:50.652+0700] [glassfish 4.1] [INFO] [NCLS-BOOTSTRAP-00027] [javax.enterprise.bootstrap] [tid: _ThreadID=1 _ThreadName=main] [timeMillis: 1456373690652] [levelValue: 800] [[
  Registered com.sun.enterprise.glassfish.bootstrap.osgi.EmbeddedOSGiGlassFishImpl@32bb0072 as OSGi service registration: org.apache.felix.framework.ServiceRegistrationImpl@32ec9c90.]]

[2016-02-25T11:14:51.894+0700] [glassfish 4.1] [WARNING] [] [org.glassfish.grizzly.config.Utils] [tid: _ThreadID=32 _ThreadName=pool-8-thread-1] [timeMillis: 1456373691894] [levelValue: 900] [[
  Instance could not be initialized. Class=interface org.glassfish.grizzly.http.server.AddOn, name=http-listener-2, realClassName=org.glassfish.grizzly.http2.Http2AddOn]]

[2016-02-25T11:14:51.945+0700] [glassfish 4.1] [INFO] [NCLS-CORE-00087] [javax.enterprise.system.core] [tid: _ThreadID=32 _ThreadName=pool-8-thread-1] [timeMillis: 1456373691945] [levelValue: 800] [[
  Grizzly Framework 2.3.23 started in: 15ms - bound to [/0.0.0.0:8181]]]

[2016-02-25T11:14:52.179+0700] [glassfish 4.1] [WARNING] [] [org.glassfish.grizzly.config.Utils] [tid: _ThreadID=32 _ThreadName=pool-8-thread-1] [timeMillis: 1456373692179] [levelValue: 900] [[
  Instance could not be initialized. Class=interface org.glassfish.grizzly.http.server.AddOn, name=http-listener-1, realClassName=org.glassfish.grizzly.http2.Http2AddOn]]

[2016-02-25T11:14:52.228+0700] [glassfish 4.1] [INFO] [NCLS-CORE-00087] [javax.enterprise.system.core] [tid: _ThreadID=32 _ThreadName=pool-8-thread-1] [timeMillis: 1456373692228] [levelValue: 800] [[
  Grizzly Framework 2.3.23 started in: 31ms - bound to [/0.0.0.0:8080]]]

[2016-02-25T11:15:10.084+0700] [glassfish 4.1] [INFO] [] [javax.enterprise.system.tools.deployment.common] [tid: _ThreadID=56 _ThreadName=admin-listener(4)] [timeMillis: 1456373710084] [levelValue: 800] [[
  visiting unvisited references]]

[2016-02-25T11:15:10.693+0700] [glassfish 4.1] [INFO] [NCLS-SECURITY-01002] [javax.enterprise.system.core.security] [tid: _ThreadID=56 _ThreadName=admin-listener(4)] [timeMillis: 1456373710693] [levelValue: 800] [[
  Java security manager is disabled.]]

[2016-02-25T11:15:10.693+0700] [glassfish 4.1] [INFO] [NCLS-SECURITY-01010] [javax.enterprise.system.core.security] [tid: _ThreadID=56 _ThreadName=admin-listener(4)] [timeMillis: 1456373710693] [levelValue: 800] [[
  Entering Security Startup Service.]]

[2016-02-25T11:15:10.742+0700] [glassfish 4.1] [INFO] [NCLS-SECURITY-01143] [javax.enterprise.system.core.security] [tid: _ThreadID=56 _ThreadName=admin-listener(4)] [timeMillis: 1456373710742] [levelValue: 800] [[
  Loading policy provider com.sun.enterprise.security.provider.PolicyWrapper.]]

[2016-02-25T11:15:10.883+0700] [glassfish 4.1] [INFO] [NCLS-SECURITY-01011] [javax.enterprise.system.core.security] [tid: _ThreadID=56 _ThreadName=admin-listener(4)] [timeMillis: 1456373710883] [levelValue: 800] [[
  Security Service(s) started successfully.]]

[2016-02-25T11:15:11.312+0700] [glassfish 4.1] [INFO] [AS-WEB-GLUE-00198] [javax.enterprise.web] [tid: _ThreadID=56 _ThreadName=admin-listener(4)] [timeMillis: 1456373711312] [levelValue: 800] [[
  Created HTTP listener http-listener-1 on host/port 0.0.0.0:8080]]

[2016-02-25T11:15:11.322+0700] [glassfish 4.1] [INFO] [AS-WEB-GLUE-00198] [javax.enterprise.web] [tid: _ThreadID=56 _ThreadName=admin-listener(4)] [timeMillis: 1456373711322] [levelValue: 800] [[
  Created HTTP listener http-listener-2 on host/port 0.0.0.0:8181]]

[2016-02-25T11:15:11.335+0700] [glassfish 4.1] [INFO] [AS-WEB-GLUE-00198] [javax.enterprise.web] [tid: _ThreadID=56 _ThreadName=admin-listener(4)] [timeMillis: 1456373711335] [levelValue: 800] [[
  Created HTTP listener admin-listener on host/port 0.0.0.0:4848]]

[2016-02-25T11:15:11.384+0700] [glassfish 4.1] [INFO] [AS-WEB-GLUE-00200] [javax.enterprise.web] [tid: _ThreadID=56 _ThreadName=admin-listener(4)] [timeMillis: 1456373711384] [levelValue: 800] [[
  Created virtual server server]]

[2016-02-25T11:15:11.391+0700] [glassfish 4.1] [INFO] [AS-WEB-GLUE-00200] [javax.enterprise.web] [tid: _ThreadID=56 _ThreadName=admin-listener(4)] [timeMillis: 1456373711391] [levelValue: 800] [[
  Created virtual server __asadmin]]

[2016-02-25T11:15:11.679+0700] [glassfish 4.1] [INFO] [AS-WEB-CORE-00306] [javax.enterprise.web.core] [tid: _ThreadID=56 _ThreadName=admin-listener(4)] [timeMillis: 1456373711679] [levelValue: 800] [[
  Setting JAAS app name glassfish-web]]

[2016-02-25T11:15:11.688+0700] [glassfish 4.1] [INFO] [AS-WEB-GLUE-00201] [javax.enterprise.web] [tid: _ThreadID=56 _ThreadName=admin-listener(4)] [timeMillis: 1456373711688] [levelValue: 800] [[
  Virtual server server loaded default web module ]]

[2016-02-25T11:15:12.257+0700] [glassfish 4.1] [INFO] [] [javax.enterprise.system.tools.deployment.common] [tid: _ThreadID=56 _ThreadName=admin-listener(4)] [timeMillis: 1456373712257] [levelValue: 800] [[
  visiting unvisited references]]

[2016-02-25T11:15:12.274+0700] [glassfish 4.1] [INFO] [] [javax.enterprise.system.tools.deployment.common] [tid: _ThreadID=56 _ThreadName=admin-listener(4)] [timeMillis: 1456373712274] [levelValue: 800] [[
  visiting unvisited references]]

[2016-02-25T11:15:12.712+0700] [glassfish 4.1] [INFO] [AS-WEB-GLUE-00172] [javax.enterprise.web] [tid: _ThreadID=56 _ThreadName=admin-listener(4)] [timeMillis: 1456373712712] [levelValue: 800] [[
  Loading application [CMR] at [/CMR]]]

[2016-02-25T11:15:12.798+0700] [glassfish 4.1] [INFO] [] [javax.enterprise.system.core] [tid: _ThreadID=56 _ThreadName=admin-listener(4)] [timeMillis: 1456373712798] [levelValue: 800] [[
  CMR was successfully deployed in 3,292 milliseconds.]]

[2016-02-25T11:16:51.676+0700] [glassfish 4.1] [INFO] [] [] [tid: _ThreadID=74 _ThreadName=PingService] [timeMillis: 1456373811676] [levelValue: 800] [[
  Domain Pinged: release.glassfish.org]]

[2016-02-25T11:18:38.537+0700] [glassfish 4.1] [INFO] [] [javax.enterprise.system.tools.deployment.common] [tid: _ThreadID=55 _ThreadName=admin-listener(3)] [timeMillis: 1456373918537] [levelValue: 800] [[
  visiting unvisited references]]

[2016-02-25T11:18:38.567+0700] [glassfish 4.1] [INFO] [] [javax.enterprise.system.tools.deployment.common] [tid: _ThreadID=55 _ThreadName=admin-listener(3)] [timeMillis: 1456373918567] [levelValue: 800] [[
  visiting unvisited references]]

[2016-02-25T11:18:38.570+0700] [glassfish 4.1] [INFO] [] [javax.enterprise.system.tools.deployment.common] [tid: _ThreadID=55 _ThreadName=admin-listener(3)] [timeMillis: 1456373918570] [levelValue: 800] [[
  visiting unvisited references]]

[2016-02-25T11:18:38.769+0700] [glassfish 4.1] [INFO] [AS-WEB-GLUE-00172] [javax.enterprise.web] [tid: _ThreadID=55 _ThreadName=admin-listener(3)] [timeMillis: 1456373918769] [levelValue: 800] [[
  Loading application [CMR] at [/CMR]]]

[2016-02-25T11:18:38.817+0700] [glassfish 4.1] [INFO] [] [javax.enterprise.system.core] [tid: _ThreadID=55 _ThreadName=admin-listener(3)] [timeMillis: 1456373918817] [levelValue: 800] [[
  CMR was successfully deployed in 420 milliseconds.]]

[2016-02-25T11:25:33.604+0700] [glassfish 4.1] [INFO] [NCLS-CORE-00092] [javax.enterprise.system.core] [tid: _ThreadID=166 _ThreadName=Thread-30] [timeMillis: 1456374333604] [levelValue: 800] [[
  Server shutdown initiated]]

[2016-02-25T11:25:33.621+0700] [glassfish 4.1] [INFO] [NCLS-CORE-00092] [javax.enterprise.system.core] [tid: _ThreadID=167 _ThreadName=Thread-31] [timeMillis: 1456374333621] [levelValue: 800] [[
  Server shutdown initiated]]

[2016-02-25T11:25:33.629+0700] [glassfish 4.1] [INFO] [NCLS-BOOTSTRAP-00028] [javax.enterprise.bootstrap] [tid: _ThreadID=166 _ThreadName=Thread-30] [timeMillis: 1456374333629] [levelValue: 800] [[
  Unregistered com.sun.enterprise.glassfish.bootstrap.osgi.EmbeddedOSGiGlassFishImpl@32bb0072 from service registry.]]

[2016-02-25T11:25:33.636+0700] [glassfish 4.1] [WARNING] [NCLS-BOOTSTRAP-00029] [javax.enterprise.bootstrap] [tid: _ThreadID=167 _ThreadName=Thread-31] [timeMillis: 1456374333636] [levelValue: 900] [[
  Exception while unregistering: 
java.lang.IllegalStateException: Service already unregistered.
	at org.apache.felix.framework.ServiceRegistrationImpl.unregister(ServiceRegistrationImpl.java:123)
	at com.sun.enterprise.glassfish.bootstrap.osgi.EmbeddedOSGiGlassFishImpl.unregisterService(EmbeddedOSGiGlassFishImpl.java:93)
	at com.sun.enterprise.glassfish.bootstrap.osgi.EmbeddedOSGiGlassFishImpl.stop(EmbeddedOSGiGlassFishImpl.java:81)
	at com.sun.enterprise.v3.admin.StopServer.doExecute(StopServer.java:78)
	at com.sun.enterprise.v3.admin.StopDomainCommand.execute(StopDomainCommand.java:96)
	at com.sun.enterprise.v3.admin.CommandRunnerImpl$2$1.run(CommandRunnerImpl.java:539)
	at com.sun.enterprise.v3.admin.CommandRunnerImpl$2$1.run(CommandRunnerImpl.java:535)
	at java.security.AccessController.doPrivileged(Native Method)
	at javax.security.auth.Subject.doAs(Subject.java:360)
	at com.sun.enterprise.v3.admin.CommandRunnerImpl$2.execute(CommandRunnerImpl.java:534)
	at org.glassfish.api.AsyncImpl$1$1.run(AsyncImpl.java:76)
]]

[2016-02-25T11:25:33.637+0700] [glassfish 4.1] [INFO] [] [] [tid: _ThreadID=166 _ThreadName=Thread-8] [timeMillis: 1456374333637] [levelValue: 800] [[
  FileMonitoring shutdown]]

[2016-02-25T11:25:33.637+0700] [glassfish 4.1] [INFO] [NCLS-JMX-00002] [javax.enterprise.system.jmx] [tid: _ThreadID=166 _ThreadName=Thread-30] [timeMillis: 1456374333637] [levelValue: 800] [[
  JMXStartupService: Stopped JMXConnectorServer: null]]

[2016-02-25T11:25:33.637+0700] [glassfish 4.1] [INFO] [NCLS-JMX-00001] [javax.enterprise.system.jmx] [tid: _ThreadID=166 _ThreadName=Thread-30] [timeMillis: 1456374333637] [levelValue: 800] [[
  JMXStartupService and JMXConnectors have been shut down.]]

[2016-02-25T11:25:33.805+0700] [glassfish 4.1] [INFO] [] [] [tid: _ThreadID=173 _ThreadName=Thread-8] [timeMillis: 1456374333805] [levelValue: 800] [[
  JdbcRuntimeExtension,  getAllSystemRAResourcesAndPools = [GlassFishConfigBean.org.glassfish.jdbc.config.JdbcResource, GlassFishConfigBean.org.glassfish.jdbc.config.JdbcResource, GlassFishConfigBean.org.glassfish.jdbc.config.JdbcResource, GlassFishConfigBean.org.glassfish.jdbc.config.JdbcConnectionPool, GlassFishConfigBean.org.glassfish.jdbc.config.JdbcConnectionPool, GlassFishConfigBean.org.glassfish.jdbc.config.JdbcConnectionPool]]]

